[2025-07-03T10:07:04.026+0000] {taskinstance.py:1956} INFO - Dependencies all met for dep_context=non-requeueable deps ti=<TaskInstance: task_2_dagv09.extract manual__2025-07-03T10:07:02.055618+00:00 [queued]>
[2025-07-03T10:07:04.037+0000] {taskinstance.py:1956} INFO - Dependencies all met for dep_context=requeueable deps ti=<TaskInstance: task_2_dagv09.extract manual__2025-07-03T10:07:02.055618+00:00 [queued]>
[2025-07-03T10:07:04.038+0000] {taskinstance.py:2170} INFO - Starting attempt 1 of 1
[2025-07-03T10:07:04.081+0000] {taskinstance.py:2191} INFO - Executing <Task(PythonOperator): extract> on 2025-07-03 10:07:02.055618+00:00
[2025-07-03T10:07:04.087+0000] {standard_task_runner.py:60} INFO - Started process 407 to run task
[2025-07-03T10:07:04.090+0000] {standard_task_runner.py:87} INFO - Running: ['airflow', 'tasks', 'run', 'task_2_dagv09', 'extract', 'manual__2025-07-03T10:07:02.055618+00:00', '--job-id', '5', '--raw', '--subdir', 'DAGS_FOLDER/task_2_dag.py', '--cfg-path', '/tmp/tmp6w5lxcpx']
[2025-07-03T10:07:04.092+0000] {standard_task_runner.py:88} INFO - Job 5: Subtask extract
[2025-07-03T10:07:04.144+0000] {logging_mixin.py:188} WARNING - /home/airflow/.local/lib/python3.8/site-packages/airflow/settings.py:194 DeprecationWarning: The sql_alchemy_conn option in [core] has been moved to the sql_alchemy_conn option in [database] - the old setting has been used, but please update your config.
[2025-07-03T10:07:04.188+0000] {task_command.py:423} INFO - Running <TaskInstance: task_2_dagv09.extract manual__2025-07-03T10:07:02.055618+00:00 [running]> on host 3e580e7efea1
[2025-07-03T10:07:04.342+0000] {taskinstance.py:2480} INFO - Exporting env vars: AIRFLOW_CTX_DAG_OWNER='airflow' AIRFLOW_CTX_DAG_ID='task_2_dagv09' AIRFLOW_CTX_TASK_ID='extract' AIRFLOW_CTX_EXECUTION_DATE='2025-07-03T10:07:02.055618+00:00' AIRFLOW_CTX_TRY_NUMBER='1' AIRFLOW_CTX_DAG_RUN_ID='manual__2025-07-03T10:07:02.055618+00:00'
[2025-07-03T10:07:11.005+0000] {logging_mixin.py:188} INFO - Extracted data saved to Task_2/Data/extracted.parquet
[2025-07-03T10:07:11.006+0000] {python.py:201} INFO - Done. Returned value was:          VendorID tpep_pickup_datetime  ... congestion_surcharge  airport_fee
0               2  2023-01-01 00:32:10  ...                  2.5         0.00
1               2  2023-01-01 00:55:08  ...                  2.5         0.00
2               2  2023-01-01 00:25:04  ...                  2.5         0.00
3               1  2023-01-01 00:03:48  ...                  0.0         1.25
4               2  2023-01-01 00:10:29  ...                  2.5         0.00
...           ...                  ...  ...                  ...          ...
3066761         2  2023-01-31 23:58:34  ...                  NaN          NaN
3066762         2  2023-01-31 23:31:09  ...                  NaN          NaN
3066763         2  2023-01-31 23:01:05  ...                  NaN          NaN
3066764         2  2023-01-31 23:40:00  ...                  NaN          NaN
3066765         2  2023-01-31 23:07:32  ...                  NaN          NaN

[3066766 rows x 19 columns]
[2025-07-03T10:07:39.104+0000] {taskinstance.py:1138} INFO - Marking task as SUCCESS. dag_id=task_2_dagv09, task_id=extract, execution_date=20250703T100702, start_date=20250703T100704, end_date=20250703T100739
[2025-07-03T10:07:39.324+0000] {local_task_job_runner.py:234} INFO - Task exited with return code 0
[2025-07-03T10:07:39.357+0000] {taskinstance.py:3280} INFO - 1 downstream tasks scheduled from follow-on schedule check
