[2025-07-03T10:07:47.416+0000] {taskinstance.py:1956} INFO - Dependencies all met for dep_context=non-requeueable deps ti=<TaskInstance: task_2_dagv09.transform manual__2025-07-03T10:07:02.055618+00:00 [queued]>
[2025-07-03T10:07:47.459+0000] {taskinstance.py:1956} INFO - Dependencies all met for dep_context=requeueable deps ti=<TaskInstance: task_2_dagv09.transform manual__2025-07-03T10:07:02.055618+00:00 [queued]>
[2025-07-03T10:07:47.460+0000] {taskinstance.py:2170} INFO - Starting attempt 1 of 1
[2025-07-03T10:07:47.510+0000] {taskinstance.py:2191} INFO - Executing <Task(PythonOperator): transform> on 2025-07-03 10:07:02.055618+00:00
[2025-07-03T10:07:47.518+0000] {standard_task_runner.py:60} INFO - Started process 446 to run task
[2025-07-03T10:07:47.521+0000] {standard_task_runner.py:87} INFO - Running: ['airflow', 'tasks', 'run', 'task_2_dagv09', 'transform', 'manual__2025-07-03T10:07:02.055618+00:00', '--job-id', '6', '--raw', '--subdir', 'DAGS_FOLDER/task_2_dag.py', '--cfg-path', '/tmp/tmp0mpgtaxp']
[2025-07-03T10:07:47.523+0000] {standard_task_runner.py:88} INFO - Job 6: Subtask transform
[2025-07-03T10:07:47.574+0000] {logging_mixin.py:188} WARNING - /home/airflow/.local/lib/python3.8/site-packages/airflow/settings.py:194 DeprecationWarning: The sql_alchemy_conn option in [core] has been moved to the sql_alchemy_conn option in [database] - the old setting has been used, but please update your config.
[2025-07-03T10:07:47.616+0000] {task_command.py:423} INFO - Running <TaskInstance: task_2_dagv09.transform manual__2025-07-03T10:07:02.055618+00:00 [running]> on host 3e580e7efea1
[2025-07-03T10:07:47.765+0000] {taskinstance.py:2480} INFO - Exporting env vars: AIRFLOW_CTX_DAG_OWNER='airflow' AIRFLOW_CTX_DAG_ID='task_2_dagv09' AIRFLOW_CTX_TASK_ID='transform' AIRFLOW_CTX_EXECUTION_DATE='2025-07-03T10:07:02.055618+00:00' AIRFLOW_CTX_TRY_NUMBER='1' AIRFLOW_CTX_DAG_RUN_ID='manual__2025-07-03T10:07:02.055618+00:00'
[2025-07-03T10:07:52.411+0000] {logging_mixin.py:188} INFO - Duplicated file with number of 0 was deleted
[2025-07-03T10:07:52.999+0000] {logging_mixin.py:188} INFO - Data was clenead from rows where passenger_count = 0 and trip_distance = 0
[2025-07-03T10:07:53.016+0000] {logging_mixin.py:188} INFO - Tpep_pickup_datetime was successfully change to datetime
[2025-07-03T10:07:53.035+0000] {logging_mixin.py:188} INFO - Tpep_dropoff_datetime was successfully change to datetime
[2025-07-03T10:07:53.090+0000] {logging_mixin.py:188} INFO - Creating durations times in taxi
[2025-07-03T10:07:54.283+0000] {logging_mixin.py:188} INFO - Trip_count, avg distance and avg duration minutes success
[2025-07-03T10:07:54.621+0000] {logging_mixin.py:188} INFO - Transformed data saved to Task_2/Data/transformed.parquet
[2025-07-03T10:07:54.629+0000] {python.py:201} INFO - Done. Returned value was:         tpep_pickup_datetime  ...  avg_duration_minutes
0        2008-12-31 23:01:42  ...            927.483333
1        2022-10-25 00:42:10  ...              2.200000
2        2022-10-25 00:59:02  ...             10.000000
3        2022-10-25 03:45:46  ...              0.066667
4        2022-10-25 07:48:15  ...              0.050000
...                      ...  ...                   ...
1981140  2023-02-01 00:00:40  ...             22.383333
1981141  2023-02-01 00:00:55  ...              5.633333
1981142  2023-02-01 00:01:10  ...             13.266667
1981143  2023-02-01 00:13:10  ...             16.450000
1981144  2023-02-01 00:56:53  ...              9.833333

[1981145 rows x 5 columns]
[2025-07-03T10:07:58.267+0000] {taskinstance.py:1138} INFO - Marking task as SUCCESS. dag_id=task_2_dagv09, task_id=transform, execution_date=20250703T100702, start_date=20250703T100747, end_date=20250703T100758
[2025-07-03T10:07:58.353+0000] {local_task_job_runner.py:234} INFO - Task exited with return code 0
[2025-07-03T10:07:58.380+0000] {taskinstance.py:3280} INFO - 1 downstream tasks scheduled from follow-on schedule check
